<?xml version="1.0" encoding="UTF-8"?>
<testng-results ignored="0" total="2" passed="2" failed="0" skipped="0">
  <reporter-output>
  </reporter-output>
  <suite started-at="2026-06-08T21:42:40 IST" name="Suite" finished-at="2026-06-08T21:43:08 IST" duration-ms="28032">
    <groups>
      <group name="Master">
        <method signature="TC001_AccountRegistrationTest.test_account_Registration()[pri:0, instance:testCases.TC001_AccountRegistrationTest@55cf0d14]" name="test_account_Registration" class="testCases.TC001_AccountRegistrationTest"/>
        <method signature="TC002_LoginTest.verify_login()[pri:0, instance:testCases.TC002_LoginTest@1fd14d74]" name="verify_login" class="testCases.TC002_LoginTest"/>
      </group> <!-- Master -->
      <group name="Sanity">
        <method signature="TC002_LoginTest.verify_login()[pri:0, instance:testCases.TC002_LoginTest@1fd14d74]" name="verify_login" class="testCases.TC002_LoginTest"/>
      </group> <!-- Sanity -->
      <group name="Regression">
        <method signature="TC001_AccountRegistrationTest.test_account_Registration()[pri:0, instance:testCases.TC001_AccountRegistrationTest@55cf0d14]" name="test_account_Registration" class="testCases.TC001_AccountRegistrationTest"/>
      </group> <!-- Regression -->
    </groups>
    <test started-at="2026-06-08T21:42:40 IST" name="Test" finished-at="2026-06-08T21:43:08 IST" duration-ms="28032">
      <class name="testCases.TC002_LoginTest">
        <test-method is-config="true" signature="setup(java.lang.String,java.lang.String)[pri:0, instance:testCases.TC002_LoginTest@1fd14d74]" started-at="2026-06-08T21:42:59 IST" name="setup" finished-at="2026-06-08T21:43:03 IST" duration-ms="4868" status="PASS">
          <params>
            <param index="0">
              <value>
                <![CDATA[Windows]]>
              </value>
            </param>
            <param index="1">
              <value>
                <![CDATA[chrome]]>
              </value>
            </param>
          </params>
          <reporter-output>
          </reporter-output>
        </test-method> <!-- setup -->
        <test-method signature="verify_login()[pri:0, instance:testCases.TC002_LoginTest@1fd14d74]" started-at="2026-06-08T21:43:03 IST" name="verify_login" finished-at="2026-06-08T21:43:08 IST" duration-ms="4081" status="PASS">
          <reporter-output>
          </reporter-output>
        </test-method> <!-- verify_login -->
        <test-method is-config="true" signature="tearDown()[pri:0, instance:testCases.TC002_LoginTest@1fd14d74]" started-at="2026-06-08T21:43:08 IST" name="tearDown" finished-at="2026-06-08T21:43:08 IST" duration-ms="635" status="PASS">
          <reporter-output>
          </reporter-output>
        </test-method> <!-- tearDown -->
      </class> <!-- testCases.TC002_LoginTest -->
      <class name="testCases.TC001_AccountRegistrationTest">
        <test-method is-config="true" signature="setup(java.lang.String,java.lang.String)[pri:0, instance:testCases.TC001_AccountRegistrationTest@55cf0d14]" started-at="2026-06-08T21:42:41 IST" name="setup" finished-at="2026-06-08T21:42:49 IST" duration-ms="7616" status="PASS">
          <params>
            <param index="0">
              <value>
                <![CDATA[Windows]]>
              </value>
            </param>
            <param index="1">
              <value>
                <![CDATA[chrome]]>
              </value>
            </param>
          </params>
          <reporter-output>
          </reporter-output>
        </test-method> <!-- setup -->
        <test-method signature="test_account_Registration()[pri:0, instance:testCases.TC001_AccountRegistrationTest@55cf0d14]" started-at="2026-06-08T21:42:49 IST" name="test_account_Registration" finished-at="2026-06-08T21:42:58 IST" duration-ms="8974" status="PASS">
          <reporter-output>
          </reporter-output>
        </test-method> <!-- test_account_Registration -->
        <test-method is-config="true" signature="tearDown()[pri:0, instance:testCases.TC001_AccountRegistrationTest@55cf0d14]" started-at="2026-06-08T21:42:58 IST" name="tearDown" finished-at="2026-06-08T21:42:59 IST" duration-ms="799" status="PASS">
          <reporter-output>
          </reporter-output>
        </test-method> <!-- tearDown -->
      </class> <!-- testCases.TC001_AccountRegistrationTest -->
    </test> <!-- Test -->
  </suite> <!-- Suite -->
</testng-results>
