<?xml version="1.0" encoding="UTF-8"?>
<testng-results ignored="0" total="2" passed="2" failed="0" skipped="0">
  <reporter-output>
  </reporter-output>
  <suite started-at="2026-06-02T18:02:39 IST" name="Suite" finished-at="2026-06-02T18:02:58 IST" duration-ms="18362">
    <groups>
      <group name="Master">
        <method signature="TC001_AccountRegistrationTest.test_account_Registration()[pri:0, instance:testCases.TC001_AccountRegistrationTest@6eb2384f]" name="test_account_Registration" class="testCases.TC001_AccountRegistrationTest"/>
        <method signature="TC002_LoginTest.verify_login()[pri:0, instance:testCases.TC002_LoginTest@19b93fa8]" name="verify_login" class="testCases.TC002_LoginTest"/>
      </group> <!-- Master -->
      <group name="Sanity">
        <method signature="TC002_LoginTest.verify_login()[pri:0, instance:testCases.TC002_LoginTest@19b93fa8]" name="verify_login" class="testCases.TC002_LoginTest"/>
      </group> <!-- Sanity -->
      <group name="Regression">
        <method signature="TC001_AccountRegistrationTest.test_account_Registration()[pri:0, instance:testCases.TC001_AccountRegistrationTest@6eb2384f]" name="test_account_Registration" class="testCases.TC001_AccountRegistrationTest"/>
      </group> <!-- Regression -->
    </groups>
    <test started-at="2026-06-02T18:02:39 IST" name="Test" finished-at="2026-06-02T18:02:58 IST" duration-ms="18362">
      <class name="testCases.TC002_LoginTest">
        <test-method is-config="true" signature="setup(java.lang.String,java.lang.String)[pri:0, instance:testCases.TC002_LoginTest@19b93fa8]" started-at="2026-06-02T18:02:51 IST" name="setup" finished-at="2026-06-02T18:02:54 IST" duration-ms="3243" status="PASS">
          <params>
            <param index="0">
              <value>
                <![CDATA[Windows]]>
              </value>
            </param>
            <param index="1">
              <value>
                <![CDATA[chrome]]>
              </value>
            </param>
          </params>
          <reporter-output>
          </reporter-output>
        </test-method> <!-- setup -->
        <test-method signature="verify_login()[pri:0, instance:testCases.TC002_LoginTest@19b93fa8]" started-at="2026-06-02T18:02:54 IST" name="verify_login" finished-at="2026-06-02T18:02:57 IST" duration-ms="2831" status="PASS">
          <reporter-output>
          </reporter-output>
        </test-method> <!-- verify_login -->
        <test-method is-config="true" signature="tearDown()[pri:0, instance:testCases.TC002_LoginTest@19b93fa8]" started-at="2026-06-02T18:02:57 IST" name="tearDown" finished-at="2026-06-02T18:02:58 IST" duration-ms="533" status="PASS">
          <reporter-output>
          </reporter-output>
        </test-method> <!-- tearDown -->
      </class> <!-- testCases.TC002_LoginTest -->
      <class name="testCases.TC001_AccountRegistrationTest">
        <test-method is-config="true" signature="setup(java.lang.String,java.lang.String)[pri:0, instance:testCases.TC001_AccountRegistrationTest@6eb2384f]" started-at="2026-06-02T18:02:40 IST" name="setup" finished-at="2026-06-02T18:02:44 IST" duration-ms="4772" status="PASS">
          <params>
            <param index="0">
              <value>
                <![CDATA[Windows]]>
              </value>
            </param>
            <param index="1">
              <value>
                <![CDATA[chrome]]>
              </value>
            </param>
          </params>
          <reporter-output>
          </reporter-output>
        </test-method> <!-- setup -->
        <test-method signature="test_account_Registration()[pri:0, instance:testCases.TC001_AccountRegistrationTest@6eb2384f]" started-at="2026-06-02T18:02:45 IST" name="test_account_Registration" finished-at="2026-06-02T18:02:50 IST" duration-ms="5831" status="PASS">
          <reporter-output>
          </reporter-output>
        </test-method> <!-- test_account_Registration -->
        <test-method is-config="true" signature="tearDown()[pri:0, instance:testCases.TC001_AccountRegistrationTest@6eb2384f]" started-at="2026-06-02T18:02:50 IST" name="tearDown" finished-at="2026-06-02T18:02:51 IST" duration-ms="522" status="PASS">
          <reporter-output>
          </reporter-output>
        </test-method> <!-- tearDown -->
      </class> <!-- testCases.TC001_AccountRegistrationTest -->
    </test> <!-- Test -->
  </suite> <!-- Suite -->
</testng-results>
